# JRE version: Java(TM) SE Runtime Environment (8.0_111-b14) (build 1.8.0_111-b14)
# Java VM: Java HotSpot(TM) 64-Bit Server VM (25.111-b14 mixed mode bsd-amd64 compressed oops)
Heap:
 PSYoungGen      total 225792K, used 6887K [0x000000076ab00000, 0x00000007b2680000, 0x00000007c0000000)
  eden space 225280K, 3% used [0x000000076ab00000,0x000000076b1b9e70,0x0000000778700000)
  from space 512K, 0% used [0x00000007b2600000,0x00000007b2600000,0x00000007b2680000)
  to   space 22528K, 0% used [0x00000007afa80000,0x00000007afa80000,0x00000007b1080000)
 ParOldGen       total 89600K, used 6695K [0x00000006c0000000, 0x00000006c5780000, 0x000000076ab00000)
  object space 89600K, 7% used [0x00000006c0000000,0x00000006c0689de8,0x00000006c5780000)
 Metaspace       used 22024K, capacity 22424K, committed 22912K, reserved 1069056K
  class space    used 2976K, capacity 3085K, committed 3200K, reserved 1048576K
GC Heap History (10 events):
Event: 9464.882 GC heap before
{Heap before GC invocations=1643 (full 2):
 PSYoungGen      total 135680K, used 135617K [0x000000076ab00000, 0x00000007b2700000, 0x00000007c0000000)
  eden space 135168K, 100% used [0x000000076ab00000,0x0000000772f00000,0x0000000772f00000)
  from space 512K, 87% used [0x00000007b2680000,0x00000007b26f0410,0x00000007b2700000)
  to   space 1024K, 0% used [0x00000007b2500000,0x00000007b2500000,0x00000007b2600000)
 ParOldGen       total 76800K, used 49824K [0x00000006c0000000, 0x00000006c4b00000, 0x000000076ab00000)
  object space 76800K, 64% used [0x00000006c0000000,0x00000006c30a8198,0x00000006c4b00000)
 Metaspace       used 21964K, capacity 22328K, committed 22528K, reserved 1069056K
  class space    used 2970K, capacity 3053K, committed 3072K, reserved 1048576K
Event: 9464.888 GC heap after
Heap after GC invocations=1643 (full 2):
 PSYoungGen      total 163328K, used 385K [0x000000076ab00000, 0x00000007b2700000, 0x00000007c0000000)
  eden space 162304K, 0% used [0x000000076ab00000,0x000000076ab00000,0x0000000774980000)
  from space 1024K, 37% used [0x00000007b2500000,0x00000007b2560410,0x00000007b2600000)
  to   space 1024K, 0% used [0x00000007b2600000,0x00000007b2600000,0x00000007b2700000)
 ParOldGen       total 76800K, used 49944K [0x00000006c0000000, 0x00000006c4b00000, 0x000000076ab00000)
  object space 76800K, 65% used [0x00000006c0000000,0x00000006c30c6198,0x00000006c4b00000)
 Metaspace       used 21964K, capacity 22328K, committed 22528K, reserved 1069056K
  class space    used 2970K, capacity 3053K, committed 3072K, reserved 1048576K
}
Event: 9472.963 GC heap before
{Heap before GC invocations=1644 (full 2):
 PSYoungGen      total 163328K, used 162689K [0x000000076ab00000, 0x00000007b2700000, 0x00000007c0000000)
  eden space 162304K, 100% used [0x000000076ab00000,0x0000000774980000,0x0000000774980000)
  from space 1024K, 37% used [0x00000007b2500000,0x00000007b2560410,0x00000007b2600000)
  to   space 1024K, 0% used [0x00000007b2600000,0x00000007b2600000,0x00000007b2700000)
 ParOldGen       total 76800K, used 49944K [0x00000006c0000000, 0x00000006c4b00000, 0x000000076ab00000)
  object space 76800K, 65% used [0x00000006c0000000,0x00000006c30c6230,0x00000006c4b00000)
 Metaspace       used 21964K, capacity 22328K, committed 22528K, reserved 1069056K
  class space    used 2970K, capacity 3053K, committed 3072K, reserved 1048576K
Event: 9472.966 GC heap after
Heap after GC invocations=1644 (full 2):
 PSYoungGen      total 196096K, used 610K [0x000000076ab00000, 0x00000007b2700000, 0x00000007c0000000)
  eden space 195072K, 0% used [0x000000076ab00000,0x000000076ab00000,0x0000000776980000)
  from space 1024K, 59% used [0x00000007b2600000,0x00000007b2698820,0x00000007b2700000)
  to   space 1024K, 0% used [0x00000007b2500000,0x00000007b2500000,0x00000007b2600000)
 ParOldGen       total 76800K, used 49960K [0x00000006c0000000, 0x00000006c4b00000, 0x000000076ab00000)
  object space 76800K, 65% used [0x00000006c0000000,0x00000006c30ca230,0x00000006c4b00000)
 Metaspace       used 21964K, capacity 22328K, committed 22528K, reserved 1069056K
  class space    used 2970K, capacity 3053K, committed 3072K, reserved 1048576K
}
Event: 9482.925 GC heap before
{Heap before GC invocations=1645 (full 2):
 PSYoungGen      total 196096K, used 195682K [0x000000076ab00000, 0x00000007b2700000, 0x00000007c0000000)
  eden space 195072K, 100% used [0x000000076ab00000,0x0000000776980000,0x0000000776980000)
  from space 1024K, 59% used [0x00000007b2600000,0x00000007b2698820,0x00000007b2700000)
  to   space 1024K, 0% used [0x00000007b2500000,0x00000007b2500000,0x00000007b2600000)
 ParOldGen       total 76800K, used 50006K [0x00000006c0000000, 0x00000006c4b00000, 0x000000076ab00000)
  object space 76800K, 65% used [0x00000006c0000000,0x00000006c30d5980,0x00000006c4b00000)
 Metaspace       used 21964K, capacity 22328K, committed 22528K, reserved 1069056K
  class space    used 2970K, capacity 3053K, committed 3072K, reserved 1048576K
Event: 9482.927 GC heap after
Heap after GC invocations=1645 (full 2):
 PSYoungGen      total 235520K, used 994K [0x000000076ab00000, 0x00000007b2680000, 0x00000007c0000000)
  eden space 234496K, 0% used [0x000000076ab00000,0x000000076ab00000,0x0000000779000000)
  from space 1024K, 97% used [0x00000007b2500000,0x00000007b25f8820,0x00000007b2600000)
  to   space 512K, 0% used [0x00000007b2600000,0x00000007b2600000,0x00000007b2680000)
 ParOldGen       total 76800K, used 50038K [0x00000006c0000000, 0x00000006c4b00000, 0x000000076ab00000)
  object space 76800K, 65% used [0x00000006c0000000,0x00000006c30dd980,0x00000006c4b00000)
 Metaspace       used 21964K, capacity 22328K, committed 22528K, reserved 1069056K
  class space    used 2970K, capacity 3053K, committed 3072K, reserved 1048576K
}
Event: 14275.845 GC heap before
{Heap before GC invocations=1646 (full 2):
 PSYoungGen      total 235520K, used 235490K [0x000000076ab00000, 0x00000007b2680000, 0x00000007c0000000)
  eden space 234496K, 100% used [0x000000076ab00000,0x0000000779000000,0x0000000779000000)
  from space 1024K, 97% used [0x00000007b2500000,0x00000007b25f8820,0x00000007b2600000)
  to   space 512K, 0% used [0x00000007b2600000,0x00000007b2600000,0x00000007b2680000)
 ParOldGen       total 76800K, used 50038K [0x00000006c0000000, 0x00000006c4b00000, 0x000000076ab00000)
  object space 76800K, 65% used [0x00000006c0000000,0x00000006c30dd980,0x00000006c4b00000)
 Metaspace       used 22022K, capacity 22424K, committed 22912K, reserved 1069056K
  class space    used 2976K, capacity 3085K, committed 3200K, reserved 1048576K
Event: 14275.861 GC heap after
Heap after GC invocations=1646 (full 2):
 PSYoungGen      total 225792K, used 495K [0x000000076ab00000, 0x00000007b2680000, 0x00000007c0000000)
  eden space 225280K, 0% used [0x000000076ab00000,0x000000076ab00000,0x0000000778700000)
  from space 512K, 96% used [0x00000007b2600000,0x00000007b267bf68,0x00000007b2680000)
  to   space 22528K, 0% used [0x00000007afa80000,0x00000007afa80000,0x00000007b1080000)
 ParOldGen       total 108544K, used 106987K [0x00000006c0000000, 0x00000006c6a00000, 0x000000076ab00000)
  object space 108544K, 98% used [0x00000006c0000000,0x00000006c687aff8,0x00000006c6a00000)
 Metaspace       used 22022K, capacity 22424K, committed 22912K, reserved 1069056K
  class space    used 2976K, capacity 3085K, committed 3200K, reserved 1048576K
}
Event: 14275.861 GC heap before
{Heap before GC invocations=1647 (full 3):
 PSYoungGen      total 225792K, used 495K [0x000000076ab00000, 0x00000007b2680000, 0x00000007c0000000)
  eden space 225280K, 0% used [0x000000076ab00000,0x000000076ab00000,0x0000000778700000)
  from space 512K, 96% used [0x00000007b2600000,0x00000007b267bf68,0x00000007b2680000)
  to   space 22528K, 0% used [0x00000007afa80000,0x00000007afa80000,0x00000007b1080000)
 ParOldGen       total 108544K, used 106987K [0x00000006c0000000, 0x00000006c6a00000, 0x000000076ab00000)
  object space 108544K, 98% used [0x00000006c0000000,0x00000006c687aff8,0x00000006c6a00000)
 Metaspace       used 22022K, capacity 22424K, committed 22912K, reserved 1069056K
  class space    used 2976K, capacity 3085K, committed 3200K, reserved 1048576K
Event: 14275.913 GC heap after
Heap after GC invocations=1647 (full 3):
 PSYoungGen      total 225792K, used 0K [0x000000076ab00000, 0x00000007b2680000, 0x00000007c0000000)
  eden space 225280K, 0% used [0x000000076ab00000,0x000000076ab00000,0x0000000778700000)
  from space 512K, 0% used [0x00000007b2600000,0x00000007b2600000,0x00000007b2680000)
  to   space 22528K, 0% used [0x00000007afa80000,0x00000007afa80000,0x00000007b1080000)
 ParOldGen       total 89600K, used 6695K [0x00000006c0000000, 0x00000006c5780000, 0x000000076ab00000)
  object space 89600K, 7% used [0x00000006c0000000,0x00000006c0689de8,0x00000006c5780000)
 Metaspace       used 22022K, capacity 22424K, committed 22912K, reserved 1069056K
  class space    used 2976K, capacity 3085K, committed 3200K, reserved 1048576K
}

